<?xml version="1.0" encoding="UTF-8"?>
<!-- Generated by org.testng.reporters.JUnitXMLReporter -->
<testsuite ignored="0" hostname="DESKTOP-1AMUFBN" failures="3" tests="4" name="Run on Chrome" time="24.755" errors="0" timestamp="2022-07-24T16:00:58 ICT">
  <testcase classname="com.bank.user.Level_10_Switch_Page" name="TC_01_Register_To_System" time="4.177"/>
  <testcase classname="com.bank.user.Level_10_Switch_Page" name="TC_02_Login_To_System" time="0.004">
    <failure type="java.lang.NullPointerException" message="Cannot invoke &amp;quot;pageGeneratorManager.MainPageObject.clickLinkNewCustomer()&amp;quot; because &amp;quot;this.mainPage&amp;quot; is null">
      <![CDATA[java.lang.NullPointerException: Cannot invoke "pageGeneratorManager.MainPageObject.clickLinkNewCustomer()" because "this.mainPage" is null
at com.bank.user.Level_10_Switch_Page.TC_02_Login_To_System(Level_10_Switch_Page.java:54)
at java.base/java.util.ArrayList.forEach(ArrayList.java:1511)
... Removed 25 stack frames]]>
    </failure>
  </testcase> <!-- TC_02_Login_To_System -->
  <testcase classname="com.bank.user.Level_10_Switch_Page" name="TC_03_Navigate_To_Other_Page" time="0.003">
    <failure type="java.lang.NullPointerException" message="Cannot invoke &amp;quot;pageGeneratorManager.MainPageObject.clickToNewCustomer()&amp;quot; because &amp;quot;this.mainPage&amp;quot; is null">
      <![CDATA[java.lang.NullPointerException: Cannot invoke "pageGeneratorManager.MainPageObject.clickToNewCustomer()" because "this.mainPage" is null
at com.bank.user.Level_10_Switch_Page.TC_03_Navigate_To_Other_Page(Level_10_Switch_Page.java:94)
at java.base/java.util.ArrayList.forEach(ArrayList.java:1511)
... Removed 25 stack frames]]>
    </failure>
  </testcase> <!-- TC_03_Navigate_To_Other_Page -->
  <testcase classname="com.bank.user.Level_10_Switch_Page" name="TC_04_Log_Out_To_System" time="0.002">
    <failure type="java.lang.NullPointerException" message="Cannot invoke &amp;quot;pageGeneratorManager.EditCustomerPageObject.clickLogOut()&amp;quot; because &amp;quot;this.editCustomerPageObject&amp;quot; is null">
      <![CDATA[java.lang.NullPointerException: Cannot invoke "pageGeneratorManager.EditCustomerPageObject.clickLogOut()" because "this.editCustomerPageObject" is null
at com.bank.user.Level_10_Switch_Page.TC_04_Log_Out_To_System(Level_10_Switch_Page.java:107)
at java.base/java.util.ArrayList.forEach(ArrayList.java:1511)
... Removed 25 stack frames]]>
    </failure>
  </testcase> <!-- TC_04_Log_Out_To_System -->
</testsuite> <!-- Run on Chrome -->
